<?xml version="1.0" encoding="UTF-8"?>
<testng-results skipped="3" failed="0" total="3" passed="0">
  <reporter-output>
  </reporter-output>
  <suite name="Default suite" duration-ms="63607" started-at="2020-09-07T18:17:35Z" finished-at="2020-09-07T18:18:39Z">
    <groups>
    </groups>
    <test name="Default test" duration-ms="63607" started-at="2020-09-07T18:17:35Z" finished-at="2020-09-07T18:18:39Z">
      <class name="selenium.Topic_01_CheckEnvironment">
        <test-method status="FAIL" signature="beforeClass()[pri:0, instance:selenium.Topic_01_CheckEnvironment@6a024a67]" name="beforeClass" is-config="true" duration-ms="0" started-at="2020-09-08T01:17:35Z" finished-at="2020-09-08T01:17:35Z">
          <exception class="org.openqa.selenium.WebDriverException">
            <message>
              <![CDATA[Failed to connect to binary FirefoxBinary(C:\Program Files\Mozilla Firefox\firefox.exe) on port 7055; process output follows: 
ive":true,"userDisabled":false,"appDisabled":false,"descriptor":"C:\\Program Files\\Mozilla Firefox\\browser\\extensions\\{972ce4c6-7e08-4474-a285-3208198ce6fd}.xpi","installDate":1477959393000,"updateDate":1477959393000,"applyBackgroundUpdates":1,"skinnable":true,"size":22012,"sourceURI":null,"releaseNotesURI":null,"softDisabled":false,"foreignInstall":false,"hasBinaryComponents":false,"strictCompatibility":true,"locales":[],"targetApplications":[{"id":"{ec8030f7-c20a-464f-9b0e-13a3a9e97384}","minVersion":"47.0.2","maxVersion":"47.0.2"}],"targetPlatforms":[],"seen":true}
1599502680509	addons.xpi	DEBUG	getModTime: Recursive scan of {972ce4c6-7e08-4474-a285-3208198ce6fd}
1599502680510	DeferredSave.extensions.json	DEBUG	Save changes
1599502680510	addons.xpi	DEBUG	Updating database with changes to installed add-ons
1599502680510	addons.xpi-utils	DEBUG	Updating add-on states
1599502680511	addons.xpi-utils	DEBUG	Writing add-ons list
1599502680514	addons.xpi	DEBUG	Registering manifest for C:\Program Files\Mozilla Firefox\browser\features\e10srollout@mozilla.org.xpi
1599502680514	addons.xpi	DEBUG	Calling bootstrap method startup on e10srollout@mozilla.org version 1.0
1599502680514	addons.xpi	DEBUG	Registering manifest for C:\Program Files\Mozilla Firefox\browser\features\firefox@getpocket.com.xpi
1599502680515	addons.xpi	DEBUG	Calling bootstrap method startup on firefox@getpocket.com version 1.0.2
1599502680516	addons.xpi	DEBUG	Registering manifest for C:\Program Files\Mozilla Firefox\browser\features\loop@mozilla.org.xpi
1599502680517	addons.xpi	DEBUG	Calling bootstrap method startup on loop@mozilla.org version 1.3.2
1599502680695	addons.xpi	DEBUG	Registering manifest for C:\Program Files\Mozilla Firefox\browser\features\websensehelper@mozilla.org.xpi
1599502680696	addons.xpi	DEBUG	Calling bootstrap method startup on websensehelper@mozilla.org version 1.0
1599502680700	addons.manager	DEBUG	Registering shutdown blocker for XPIProvider
1599502680701	addons.manager	DEBUG	Provider finished startup: XPIProvider
1599502680701	addons.manager	DEBUG	Starting provider: LightweightThemeManager
1599502680703	addons.manager	DEBUG	Registering shutdown blocker for LightweightThemeManager
1599502680704	addons.manager	DEBUG	Provider finished startup: LightweightThemeManager
1599502680705	addons.manager	DEBUG	Starting provider: GMPProvider
1599502680716	addons.manager	DEBUG	Registering shutdown blocker for GMPProvider
1599502680717	addons.manager	DEBUG	Provider finished startup: GMPProvider
1599502680717	addons.manager	DEBUG	Starting provider: PluginProvider
1599502680717	addons.manager	DEBUG	Registering shutdown blocker for PluginProvider
1599502680718	addons.manager	DEBUG	Provider finished startup: PluginProvider
1599502680720	addons.manager	DEBUG	Completed startup sequence
[GFX1]: Potential driver version mismatch ignored due to missing DLLs 0.0.0.0 and 0.0.0.0
1599502687260	addons.manager	DEBUG	Starting provider: <unnamed-provider>
1599502687260	addons.manager	DEBUG	Registering shutdown blocker for <unnamed-provider>
1599502687260	addons.manager	DEBUG	Provider finished startup: <unnamed-provider>
1599502696574	DeferredSave.extensions.json	DEBUG	Write succeeded
1599502696575	addons.xpi-utils	DEBUG	XPI Database saved, setting schema version preference to 17
1599502696575	DeferredSave.extensions.json	DEBUG	Starting timer
1599502696592	addons.repository	DEBUG	No addons.json found.
1599502696672	DeferredSave.addons.json	DEBUG	Save changes
1599502696749	DeferredSave.addons.json	DEBUG	Starting timer
1599502699395	addons.manager	DEBUG	Starting provider: PreviousExperimentProvider
1599502699396	addons.manager	DEBUG	Registering shutdown blocker for PreviousExperimentProvider
1599502699396	addons.manager	DEBUG	Provider finished startup: PreviousExperimentProvider
1599502699604	DeferredSave.extensions.json	DEBUG	Starting write
1599502699658	DeferredSave.addons.json	DEBUG	Starting write
1599502700640	DeferredSave.extensions.json	DEBUG	Write succeeded
1599502700665	DeferredSave.addons.json	DEBUG	Write succeeded

Build info: version: '2.53.1', revision: 'a36b8b1', time: '2016-06-30 17:37:03'
System info: host: 'DESKTOP-H9BS9M0', ip: '192.168.1.5', os.name: 'Windows 10', os.arch: 'amd64', os.version: '10.0', java.version: '1.8.0_211'
Driver info: driver.version: FirefoxDriver]]>
            </message>
            <full-stacktrace>
              <![CDATA[org.openqa.selenium.WebDriverException: Failed to connect to binary FirefoxBinary(C:\Program Files\Mozilla Firefox\firefox.exe) on port 7055; process output follows: 
ive":true,"userDisabled":false,"appDisabled":false,"descriptor":"C:\\Program Files\\Mozilla Firefox\\browser\\extensions\\{972ce4c6-7e08-4474-a285-3208198ce6fd}.xpi","installDate":1477959393000,"updateDate":1477959393000,"applyBackgroundUpdates":1,"skinnable":true,"size":22012,"sourceURI":null,"releaseNotesURI":null,"softDisabled":false,"foreignInstall":false,"hasBinaryComponents":false,"strictCompatibility":true,"locales":[],"targetApplications":[{"id":"{ec8030f7-c20a-464f-9b0e-13a3a9e97384}","minVersion":"47.0.2","maxVersion":"47.0.2"}],"targetPlatforms":[],"seen":true}
1599502680509	addons.xpi	DEBUG	getModTime: Recursive scan of {972ce4c6-7e08-4474-a285-3208198ce6fd}
1599502680510	DeferredSave.extensions.json	DEBUG	Save changes
1599502680510	addons.xpi	DEBUG	Updating database with changes to installed add-ons
1599502680510	addons.xpi-utils	DEBUG	Updating add-on states
1599502680511	addons.xpi-utils	DEBUG	Writing add-ons list
1599502680514	addons.xpi	DEBUG	Registering manifest for C:\Program Files\Mozilla Firefox\browser\features\e10srollout@mozilla.org.xpi
1599502680514	addons.xpi	DEBUG	Calling bootstrap method startup on e10srollout@mozilla.org version 1.0
1599502680514	addons.xpi	DEBUG	Registering manifest for C:\Program Files\Mozilla Firefox\browser\features\firefox@getpocket.com.xpi
1599502680515	addons.xpi	DEBUG	Calling bootstrap method startup on firefox@getpocket.com version 1.0.2
1599502680516	addons.xpi	DEBUG	Registering manifest for C:\Program Files\Mozilla Firefox\browser\features\loop@mozilla.org.xpi
1599502680517	addons.xpi	DEBUG	Calling bootstrap method startup on loop@mozilla.org version 1.3.2
1599502680695	addons.xpi	DEBUG	Registering manifest for C:\Program Files\Mozilla Firefox\browser\features\websensehelper@mozilla.org.xpi
1599502680696	addons.xpi	DEBUG	Calling bootstrap method startup on websensehelper@mozilla.org version 1.0
1599502680700	addons.manager	DEBUG	Registering shutdown blocker for XPIProvider
1599502680701	addons.manager	DEBUG	Provider finished startup: XPIProvider
1599502680701	addons.manager	DEBUG	Starting provider: LightweightThemeManager
1599502680703	addons.manager	DEBUG	Registering shutdown blocker for LightweightThemeManager
1599502680704	addons.manager	DEBUG	Provider finished startup: LightweightThemeManager
1599502680705	addons.manager	DEBUG	Starting provider: GMPProvider
1599502680716	addons.manager	DEBUG	Registering shutdown blocker for GMPProvider
1599502680717	addons.manager	DEBUG	Provider finished startup: GMPProvider
1599502680717	addons.manager	DEBUG	Starting provider: PluginProvider
1599502680717	addons.manager	DEBUG	Registering shutdown blocker for PluginProvider
1599502680718	addons.manager	DEBUG	Provider finished startup: PluginProvider
1599502680720	addons.manager	DEBUG	Completed startup sequence
[GFX1]: Potential driver version mismatch ignored due to missing DLLs 0.0.0.0 and 0.0.0.0
1599502687260	addons.manager	DEBUG	Starting provider: <unnamed-provider>
1599502687260	addons.manager	DEBUG	Registering shutdown blocker for <unnamed-provider>
1599502687260	addons.manager	DEBUG	Provider finished startup: <unnamed-provider>
1599502696574	DeferredSave.extensions.json	DEBUG	Write succeeded
1599502696575	addons.xpi-utils	DEBUG	XPI Database saved, setting schema version preference to 17
1599502696575	DeferredSave.extensions.json	DEBUG	Starting timer
1599502696592	addons.repository	DEBUG	No addons.json found.
1599502696672	DeferredSave.addons.json	DEBUG	Save changes
1599502696749	DeferredSave.addons.json	DEBUG	Starting timer
1599502699395	addons.manager	DEBUG	Starting provider: PreviousExperimentProvider
1599502699396	addons.manager	DEBUG	Registering shutdown blocker for PreviousExperimentProvider
1599502699396	addons.manager	DEBUG	Provider finished startup: PreviousExperimentProvider
1599502699604	DeferredSave.extensions.json	DEBUG	Starting write
1599502699658	DeferredSave.addons.json	DEBUG	Starting write
1599502700640	DeferredSave.extensions.json	DEBUG	Write succeeded
1599502700665	DeferredSave.addons.json	DEBUG	Write succeeded

Build info: version: '2.53.1', revision: 'a36b8b1', time: '2016-06-30 17:37:03'
System info: host: 'DESKTOP-H9BS9M0', ip: '192.168.1.5', os.name: 'Windows 10', os.arch: 'amd64', os.version: '10.0', java.version: '1.8.0_211'
Driver info: driver.version: FirefoxDriver
	at org.openqa.selenium.firefox.internal.NewProfileExtensionConnection.start(NewProfileExtensionConnection.java:124)
	at org.openqa.selenium.firefox.FirefoxDriver.startClient(FirefoxDriver.java:271)
	at org.openqa.selenium.remote.RemoteWebDriver.<init>(RemoteWebDriver.java:119)
	at org.openqa.selenium.firefox.FirefoxDriver.<init>(FirefoxDriver.java:218)
	at org.openqa.selenium.firefox.FirefoxDriver.<init>(FirefoxDriver.java:211)
	at org.openqa.selenium.firefox.FirefoxDriver.<init>(FirefoxDriver.java:207)
	at org.openqa.selenium.firefox.FirefoxDriver.<init>(FirefoxDriver.java:120)
	at selenium.Topic_01_CheckEnvironment.beforeClass(Topic_01_CheckEnvironment.java:18)
	at sun.reflect.NativeMethodAccessorImpl.invoke0(Native Method)
	at sun.reflect.NativeMethodAccessorImpl.invoke(Unknown Source)
	at sun.reflect.DelegatingMethodAccessorImpl.invoke(Unknown Source)
	at java.lang.reflect.Method.invoke(Unknown Source)
	at org.testng.internal.MethodInvocationHelper.invokeMethod(MethodInvocationHelper.java:85)
	at org.testng.internal.Invoker.invokeConfigurationMethod(Invoker.java:510)
	at org.testng.internal.Invoker.invokeConfigurations(Invoker.java:211)
	at org.testng.internal.Invoker.invokeConfigurations(Invoker.java:138)
	at org.testng.internal.TestMethodWorker.invokeBeforeClassMethods(TestMethodWorker.java:170)
	at org.testng.internal.TestMethodWorker.run(TestMethodWorker.java:104)
	at org.testng.TestRunner.privateRun(TestRunner.java:774)
	at org.testng.TestRunner.run(TestRunner.java:624)
	at org.testng.SuiteRunner.runTest(SuiteRunner.java:359)
	at org.testng.SuiteRunner.runSequentially(SuiteRunner.java:354)
	at org.testng.SuiteRunner.privateRun(SuiteRunner.java:312)
	at org.testng.SuiteRunner.run(SuiteRunner.java:261)
	at org.testng.SuiteRunnerWorker.runSuite(SuiteRunnerWorker.java:52)
	at org.testng.SuiteRunnerWorker.run(SuiteRunnerWorker.java:86)
	at org.testng.TestNG.runSuitesSequentially(TestNG.java:1215)
	at org.testng.TestNG.runSuitesLocally(TestNG.java:1140)
	at org.testng.TestNG.run(TestNG.java:1048)
	at org.testng.remote.AbstractRemoteTestNG.run(AbstractRemoteTestNG.java:115)
	at org.testng.remote.RemoteTestNG.initAndRun(RemoteTestNG.java:251)
	at org.testng.remote.RemoteTestNG.main(RemoteTestNG.java:77)
Caused by: org.openqa.selenium.firefox.NotConnectedException: Unable to connect to host 127.0.0.1 on port 7055 after 45000 ms. Firefox console output:
ive":true,"userDisabled":false,"appDisabled":false,"descriptor":"C:\\Program Files\\Mozilla Firefox\\browser\\extensions\\{972ce4c6-7e08-4474-a285-3208198ce6fd}.xpi","installDate":1477959393000,"updateDate":1477959393000,"applyBackgroundUpdates":1,"skinnable":true,"size":22012,"sourceURI":null,"releaseNotesURI":null,"softDisabled":false,"foreignInstall":false,"hasBinaryComponents":false,"strictCompatibility":true,"locales":[],"targetApplications":[{"id":"{ec8030f7-c20a-464f-9b0e-13a3a9e97384}","minVersion":"47.0.2","maxVersion":"47.0.2"}],"targetPlatforms":[],"seen":true}
1599502680509	addons.xpi	DEBUG	getModTime: Recursive scan of {972ce4c6-7e08-4474-a285-3208198ce6fd}
1599502680510	DeferredSave.extensions.json	DEBUG	Save changes
1599502680510	addons.xpi	DEBUG	Updating database with changes to installed add-ons
1599502680510	addons.xpi-utils	DEBUG	Updating add-on states
1599502680511	addons.xpi-utils	DEBUG	Writing add-ons list
1599502680514	addons.xpi	DEBUG	Registering manifest for C:\Program Files\Mozilla Firefox\browser\features\e10srollout@mozilla.org.xpi
1599502680514	addons.xpi	DEBUG	Calling bootstrap method startup on e10srollout@mozilla.org version 1.0
1599502680514	addons.xpi	DEBUG	Registering manifest for C:\Program Files\Mozilla Firefox\browser\features\firefox@getpocket.com.xpi
1599502680515	addons.xpi	DEBUG	Calling bootstrap method startup on firefox@getpocket.com version 1.0.2
1599502680516	addons.xpi	DEBUG	Registering manifest for C:\Program Files\Mozilla Firefox\browser\features\loop@mozilla.org.xpi
1599502680517	addons.xpi	DEBUG	Calling bootstrap method startup on loop@mozilla.org version 1.3.2
1599502680695	addons.xpi	DEBUG	Registering manifest for C:\Program Files\Mozilla Firefox\browser\features\websensehelper@mozilla.org.xpi
1599502680696	addons.xpi	DEBUG	Calling bootstrap method startup on websensehelper@mozilla.org version 1.0
1599502680700	addons.manager	DEBUG	Registering shutdown blocker for XPIProvider
1599502680701	addons.manager	DEBUG	Provider finished startup: XPIProvider
1599502680701	addons.manager	DEBUG	Starting provider: LightweightThemeManager
1599502680703	addons.manager	DEBUG	Registering shutdown blocker for LightweightThemeManager
1599502680704	addons.manager	DEBUG	Provider finished startup: LightweightThemeManager
1599502680705	addons.manager	DEBUG	Starting provider: GMPProvider
1599502680716	addons.manager	DEBUG	Registering shutdown blocker for GMPProvider
1599502680717	addons.manager	DEBUG	Provider finished startup: GMPProvider
1599502680717	addons.manager	DEBUG	Starting provider: PluginProvider
1599502680717	addons.manager	DEBUG	Registering shutdown blocker for PluginProvider
1599502680718	addons.manager	DEBUG	Provider finished startup: PluginProvider
1599502680720	addons.manager	DEBUG	Completed startup sequence
[GFX1]: Potential driver version mismatch ignored due to missing DLLs 0.0.0.0 and 0.0.0.0
1599502687260	addons.manager	DEBUG	Starting provider: <unnamed-provider>
1599502687260	addons.manager	DEBUG	Registering shutdown blocker for <unnamed-provider>
1599502687260	addons.manager	DEBUG	Provider finished startup: <unnamed-provider>
1599502696574	DeferredSave.extensions.json	DEBUG	Write succeeded
1599502696575	addons.xpi-utils	DEBUG	XPI Database saved, setting schema version preference to 17
1599502696575	DeferredSave.extensions.json	DEBUG	Starting timer
1599502696592	addons.repository	DEBUG	No addons.json found.
1599502696672	DeferredSave.addons.json	DEBUG	Save changes
1599502696749	DeferredSave.addons.json	DEBUG	Starting timer
1599502699395	addons.manager	DEBUG	Starting provider: PreviousExperimentProvider
1599502699396	addons.manager	DEBUG	Registering shutdown blocker for PreviousExperimentProvider
1599502699396	addons.manager	DEBUG	Provider finished startup: PreviousExperimentProvider
1599502699604	DeferredSave.extensions.json	DEBUG	Starting write
1599502699658	DeferredSave.addons.json	DEBUG	Starting write
1599502700640	DeferredSave.extensions.json	DEBUG	Write succeeded
1599502700665	DeferredSave.addons.json	DEBUG	Write succeeded

	at org.openqa.selenium.firefox.internal.NewProfileExtensionConnection.start(NewProfileExtensionConnection.java:112)
	... 31 more
]]>
            </full-stacktrace>
          </exception> <!-- org.openqa.selenium.WebDriverException -->
          <reporter-output>
          </reporter-output>
        </test-method> <!-- beforeClass -->
        <test-method status="SKIP" signature="TC_01_ValidateCurrentUrl()[pri:0, instance:selenium.Topic_01_CheckEnvironment@6a024a67]" name="TC_01_ValidateCurrentUrl" duration-ms="5" started-at="2020-09-08T01:18:38Z" finished-at="2020-09-08T01:18:38Z">
          <reporter-output>
          </reporter-output>
        </test-method> <!-- TC_01_ValidateCurrentUrl -->
        <test-method status="SKIP" signature="TC_02_ValidatePageTitle()[pri:0, instance:selenium.Topic_01_CheckEnvironment@6a024a67]" name="TC_02_ValidatePageTitle" duration-ms="3" started-at="2020-09-08T01:18:39Z" finished-at="2020-09-08T01:18:39Z">
          <reporter-output>
          </reporter-output>
        </test-method> <!-- TC_02_ValidatePageTitle -->
        <test-method status="SKIP" signature="TC_03_LoginFormDisplayed()[pri:0, instance:selenium.Topic_01_CheckEnvironment@6a024a67]" name="TC_03_LoginFormDisplayed" duration-ms="2" started-at="2020-09-08T01:18:39Z" finished-at="2020-09-08T01:18:39Z">
          <reporter-output>
          </reporter-output>
        </test-method> <!-- TC_03_LoginFormDisplayed -->
        <test-method status="SKIP" signature="afterClass()[pri:0, instance:selenium.Topic_01_CheckEnvironment@6a024a67]" name="afterClass" is-config="true" duration-ms="0" started-at="2020-09-08T01:18:39Z" finished-at="2020-09-08T01:18:39Z">
          <reporter-output>
          </reporter-output>
        </test-method> <!-- afterClass -->
      </class> <!-- selenium.Topic_01_CheckEnvironment -->
    </test> <!-- Default test -->
  </suite> <!-- Default suite -->
</testng-results>
